No files changed, compilation skipped
Script ran successfully.

== Logs ==
  AgentRegistry       : 0xf6a6e09118dCa5066D501110E05c8239688c72aD
    erc8004 (identity): 0x8004A818BFB912233c491871b3d84c89A494BD9e
  ConstitutionRegistry: 0xF269c08e677a4A9CeB77760F87B9A6DDB4810FFe
  ConstitutionValidator: 0xBe349B163aAD8951aFD35eE47f4d4D8192e2c112
  ConstitutionHook    : 0x89E0A568F3755f622d27C2877bB907BA548fa9D8
  MemoryAnchor        : 0x0c7D0a7E1B119E3F3864d033Be9D762c4DFfFEfA
    identityRegistry  : 0x8004A818BFB912233c491871b3d84c89A494BD9e
  BondVault           : 0x48690Ea0DDD9689d12C801adf984a3dBdFA186fD
    bondToken (USDC)  : 0x3600000000000000000000000000000000000000
    oracle            : 0x374c1c144E192b4Ef91eb25141b8665eAaa73Bb3
    releaseWindow     : 604800
    livenessTimeout   : 259200
  PerformanceOracle   : 0x374c1c144E192b4Ef91eb25141b8665eAaa73Bb3
    pyth              : 0x2880aB155794e7179c9eE2e38200202908C17B43
    recorder          : 0x7119D50e51abFdd1e589a1185e8E55Edf7a90CeA

## Setting up 1 EVM.

==========================

Chain 5042002

Estimated gas price: 40.002077493 gwei

Estimated total gas used for script: 9923682

Estimated amount required: 0.396967896379889226 ETH

==========================


==========================

ONCHAIN EXECUTION COMPLETE & SUCCESSFUL.

Transactions saved to: /Users/lingsiewwin/Documents/Github/AgoraHack/contracts/broadcast/Deploy.s.sol/5042002/run-latest.json

Sensitive values saved to: /Users/lingsiewwin/Documents/Github/AgoraHack/contracts/cache/Deploy.s.sol/5042002/run-latest.json

